Performing C SOURCE FILE Test CMAKE_HAVE_LIBC_PTHREAD failed with the following output:
Change Dir: /sgoinfre/goinfre/Perso/avan-bre/Projects/Circle04/ft_containers/build/CMakeFiles/CMakeTmp

Run Build Command(s):/usr/bin/make cmTC_46dc1/fast && /usr/bin/make -f CMakeFiles/cmTC_46dc1.dir/build.make CMakeFiles/cmTC_46dc1.dir/build
make[1]: Entering directory '/sgoinfre/goinfre/Perso/avan-bre/Projects/Circle04/ft_containers/build/CMakeFiles/CMakeTmp'
Building C object CMakeFiles/cmTC_46dc1.dir/src.c.o
/usr/bin/cc   -DCMAKE_HAVE_LIBC_PTHREAD   -o CMakeFiles/cmTC_46dc1.dir/src.c.o   -c /sgoinfre/goinfre/Perso/avan-bre/Projects/Circle04/ft_containers/build/CMakeFiles/CMakeTmp/src.c
Linking C executable cmTC_46dc1
/usr/bin/cmake -E cmake_link_script CMakeFiles/cmTC_46dc1.dir/link.txt --verbose=1
/usr/bin/cc  -DCMAKE_HAVE_LIBC_PTHREAD    CMakeFiles/cmTC_46dc1.dir/src.c.o  -o cmTC_46dc1 
/usr/bin/ld: CMakeFiles/cmTC_46dc1.dir/src.c.o: in function `main':
src.c:(.text+0x35): undefined reference to `pthread_create'
/usr/bin/ld: src.c:(.text+0x3e): undefined reference to `pthread_detach'
/usr/bin/ld: src.c:(.text+0x4b): undefined reference to `pthread_join'
clang: error: linker command failed with exit code 1 (use -v to see invocation)
make[1]: *** [CMakeFiles/cmTC_46dc1.dir/build.make:87: cmTC_46dc1] Error 1
make[1]: Leaving directory '/sgoinfre/goinfre/Perso/avan-bre/Projects/Circle04/ft_containers/build/CMakeFiles/CMakeTmp'
make: *** [Makefile:121: cmTC_46dc1/fast] Error 2


Source file was:
#include <pthread.h>

void* test_func(void* data)
{
  return data;
}

int main(void)
{
  pthread_t thread;
  pthread_create(&thread, NULL, test_func, NULL);
  pthread_detach(thread);
  pthread_join(thread, NULL);
  pthread_atfork(NULL, NULL, NULL);
  pthread_exit(NULL);

  return 0;
}

Determining if the function pthread_create exists in the pthreads failed with the following output:
Change Dir: /sgoinfre/goinfre/Perso/avan-bre/Projects/Circle04/ft_containers/build/CMakeFiles/CMakeTmp

Run Build Command(s):/usr/bin/make cmTC_0910f/fast && /usr/bin/make -f CMakeFiles/cmTC_0910f.dir/build.make CMakeFiles/cmTC_0910f.dir/build
make[1]: Entering directory '/sgoinfre/goinfre/Perso/avan-bre/Projects/Circle04/ft_containers/build/CMakeFiles/CMakeTmp'
Building C object CMakeFiles/cmTC_0910f.dir/CheckFunctionExists.c.o
/usr/bin/cc   -DCHECK_FUNCTION_EXISTS=pthread_create   -o CMakeFiles/cmTC_0910f.dir/CheckFunctionExists.c.o   -c /usr/share/cmake-3.16/Modules/CheckFunctionExists.c
Linking C executable cmTC_0910f
/usr/bin/cmake -E cmake_link_script CMakeFiles/cmTC_0910f.dir/link.txt --verbose=1
/usr/bin/cc  -DCHECK_FUNCTION_EXISTS=pthread_create    CMakeFiles/cmTC_0910f.dir/CheckFunctionExists.c.o  -o cmTC_0910f  -lpthreads 
/usr/bin/ld: cannot find -lpthreads
clang: error: linker command failed with exit code 1 (use -v to see invocation)
make[1]: *** [CMakeFiles/cmTC_0910f.dir/build.make:87: cmTC_0910f] Error 1
make[1]: Leaving directory '/sgoinfre/goinfre/Perso/avan-bre/Projects/Circle04/ft_containers/build/CMakeFiles/CMakeTmp'
make: *** [Makefile:121: cmTC_0910f/fast] Error 2



